<?xml version="1.0" encoding="UTF-8"?>
<!-- Generated by org.testng.reporters.JUnitReportReporter -->
<testsuite hostname="DESKTOP-B4E308O" failures="0" tests="1" name="com.qaautomation.tests.AccountPageTest" time="29.867" errors="0" timestamp="2021-09-02T11:12:19 IST" skipped="0">
  <testcase classname="com.qaautomation.tests.AccountPageTest" name="DoVerifyUsername" time="29.867"/>
  <system-out/>
</testsuite> <!-- com.qaautomation.tests.AccountPageTest -->
