<?xml version="1.0" encoding="UTF-8"?>
<!-- Generated by org.testng.reporters.JUnitReportReporter -->
<testsuite hostname="DESKTOP-B4E308O" failures="0" tests="1" name="com.qaautomation.tests.HomePageTest" time="10.518" errors="0" timestamp="2021-09-02T22:23:33 IST" skipped="0">
  <testcase classname="com.qaautomation.tests.HomePageTest" name="DoVerifyHomePage" time="10.518"/>
  <system-out/>
</testsuite> <!-- com.qaautomation.tests.HomePageTest -->
