<?xml version="1.0" encoding="UTF-8"?>
<!-- Generated by org.testng.reporters.JUnitReportReporter -->
<testsuite hostname="DESKTOP-B4E308O" failures="0" tests="1" name="com.qaautomation.tests.LoginPageTest" time="23.894" errors="0" timestamp="2021-09-02T20:31:40 IST" skipped="0">
  <testcase classname="com.qaautomation.tests.LoginPageTest" name="doLoginWithCredentail" time="23.894"/>
  <system-out/>
</testsuite> <!-- com.qaautomation.tests.LoginPageTest -->
